Unity Editor version:    2020.3.17f1 (a4537701e4ab)
Branch:                  2020.3/staging
Build type:              Release
Batch mode:              YES
macOS version:           Version 10.15.7 (Build 19H1417)
Darwin version:          19.6.0
Architecture:            x86_64
Running under Rosetta:   NO
Available memory:        8192 MB
Using pre-set license
Pro License: NO

COMMAND LINE ARGUMENTS:
/Users/mig/Dropbox/My Mac (Michaels-MacBook-Pro.local)/Documents/2020.3.17f1/Unity.app/Contents/MacOS/Unity
-adb2
-batchMode
-noUpm
-name
AssetImportWorker0
-projectPath
/Users/mig/Dropbox/My Mac (Michaels-MacBook-Pro.local)/Documents/GitHub/game625-fall2021/Programming Patterns
-logFile
Logs/AssetImportWorker0.log
-srvPort
55213
Successfully changed project path to: /Users/mig/Dropbox/My Mac (Michaels-MacBook-Pro.local)/Documents/GitHub/game625-fall2021/Programming Patterns
/Users/mig/Dropbox/My Mac (Michaels-MacBook-Pro.local)/Documents/GitHub/game625-fall2021/Programming Patterns
Using Asset Import Pipeline V2.
Refreshing native plugins compatible for Editor in 64.47 ms, found 2 plugins.
Preloading 0 native plugins for Editor in 0.00 ms.
Initialize engine version: 2020.3.17f1 (a4537701e4ab)
[Subsystems] Discovering subsystems at path /Users/mig/Dropbox/My Mac (Michaels-MacBook-Pro.local)/Documents/2020.3.17f1/Unity.app/Contents/Resources/UnitySubsystems
[Subsystems] Discovering subsystems at path /Users/mig/Dropbox/My Mac (Michaels-MacBook-Pro.local)/Documents/GitHub/game625-fall2021/Programming Patterns/Assets
GfxDevice: creating device client; threaded=0
2021-09-22 17:23:50.061 Unity[50682:322959] Color LCD preferred device: Intel Iris Graphics (low power)
2021-09-22 17:23:50.061 Unity[50682:322959] Metal devices available: 1
2021-09-22 17:23:50.061 Unity[50682:322959] 0: Intel Iris Graphics (low power)
2021-09-22 17:23:50.062 Unity[50682:322959] Using device Intel Iris Graphics (low power)
Initializing Metal device caps: Intel Iris Graphics
Initialize mono
Mono path[0] = '/Users/mig/Dropbox/My Mac (Michaels-MacBook-Pro.local)/Documents/2020.3.17f1/Unity.app/Contents/Managed'
Mono path[1] = '/Users/mig/Dropbox/My Mac (Michaels-MacBook-Pro.local)/Documents/2020.3.17f1/Unity.app/Contents/MonoBleedingEdge/lib/mono/unityjit'
Mono config path = '/Users/mig/Dropbox/My Mac (Michaels-MacBook-Pro.local)/Documents/2020.3.17f1/Unity.app/Contents/MonoBleedingEdge/etc'
Using monoOptions --debugger-agent=transport=dt_socket,embedding=1,server=y,suspend=n,address=127.0.0.1:56682
Begin MonoManager ReloadAssembly
Registering precompiled unity dll's ...
Register platform support module: /Users/mig/Dropbox/My Mac (Michaels-MacBook-Pro.local)/Documents/2020.3.17f1/Unity.app/Contents/PlaybackEngines/MacStandaloneSupport/UnityEditor.OSXStandalone.Extensions.dll
Registered in 0.000791 seconds.
Native extension for OSXStandalone target not found
Refreshing native plugins compatible for Editor in 37.85 ms, found 2 plugins.
Preloading 0 native plugins for Editor in 0.00 ms.
Mono: successfully reloaded assembly
- Completed reload, in  3.438 seconds
Domain Reload Profiling:
	ReloadAssembly (3438ms)
		BeginReloadAssembly (109ms)
			ExecutionOrderSort (0ms)
			DisableScriptedObjects (0ms)
			BackupInstance (0ms)
			ReleaseScriptingObjects (0ms)
			CreateAndSetChildDomain (2ms)
		EndReloadAssembly (632ms)
			LoadAssemblies (106ms)
			RebuildTransferFunctionScriptingTraits (0ms)
			SetupTypeCache (252ms)
			ReleaseScriptCaches (0ms)
			RebuildScriptCaches (67ms)
			SetupLoadedEditorAssemblies (228ms)
				LogAssemblyErrors (0ms)
				InitializePlatformSupportModulesInManaged (5ms)
				SetLoadedEditorAssemblies (0ms)
				RefreshPlugins (38ms)
				BeforeProcessingInitializeOnLoad (9ms)
				ProcessInitializeOnLoadAttributes (135ms)
				ProcessInitializeOnLoadMethodAttributes (41ms)
				AfterProcessingInitializeOnLoad (0ms)
				EditorAssembliesLoaded (0ms)
			ExecutionOrderSort2 (0ms)
			AwakeInstancesAfterBackupRestoration (0ms)
Platform modules already initialized, skipping
Registering precompiled user dll's ...
Registered in 0.006040 seconds.
Begin MonoManager ReloadAssembly
Native extension for OSXStandalone target not found
Refreshing native plugins compatible for Editor in 0.44 ms, found 2 plugins.
Preloading 0 native plugins for Editor in 0.00 ms.
Mono: successfully reloaded assembly
- Completed reload, in  1.592 seconds
Domain Reload Profiling:
	ReloadAssembly (1593ms)
		BeginReloadAssembly (209ms)
			ExecutionOrderSort (0ms)
			DisableScriptedObjects (6ms)
			BackupInstance (0ms)
			ReleaseScriptingObjects (0ms)
			CreateAndSetChildDomain (45ms)
		EndReloadAssembly (1296ms)
			LoadAssemblies (122ms)
			RebuildTransferFunctionScriptingTraits (0ms)
			SetupTypeCache (452ms)
			ReleaseScriptCaches (1ms)
			RebuildScriptCaches (67ms)
			SetupLoadedEditorAssemblies (503ms)
				LogAssemblyErrors (0ms)
				InitializePlatformSupportModulesInManaged (6ms)
				SetLoadedEditorAssemblies (1ms)
				RefreshPlugins (0ms)
				BeforeProcessingInitializeOnLoad (58ms)
				ProcessInitializeOnLoadAttributes (430ms)
				ProcessInitializeOnLoadMethodAttributes (5ms)
				AfterProcessingInitializeOnLoad (3ms)
				EditorAssembliesLoaded (0ms)
			ExecutionOrderSort2 (0ms)
			AwakeInstancesAfterBackupRestoration (9ms)
Platform modules already initialized, skipping
Validating Project structure ... 0.005661 seconds.
Shader import version has changed; will reimport all shaders...
Upgrading shader files ...0.006222 seconds.
Application.AssetDatabase Initial Script Refresh Start
RefreshInfo: InitialScriptRefreshV2(NoUpdateAssetOptions) scanfilter:  ... 1 filters
RefreshProfiler: Total: 0.000ms
Application.AssetDatabase Initial Script Refresh End
Application.AssetDatabase.Refresh Start
Application.AssetDatabase.Refresh End
RefreshInfo: StopAssetImportingV2(ForceSynchronousImport) scanfilter: 
RefreshProfiler: Total: 0.000ms
Launching external process: /Users/mig/Dropbox/My Mac (Michaels-MacBook-Pro.local)/Documents/2020.3.17f1/Unity.app/Contents/Tools/UnityShaderCompiler
Launched and connected shader compiler UnityShaderCompiler after 0.02 seconds
Initializing Unity extensions:
========================================================================
Worker process is ready to serve import requests
Refreshing native plugins compatible for Editor in 0.41 ms, found 2 plugins.
Preloading 0 native plugins for Editor in 0.00 ms.
Unloading 1439 Unused Serialized files (Serialized files now loaded: 0)
System memory in use before: 162.9 MB.
System memory in use after: 162.1 MB.

Unloading 103 unused Assets to reduce memory usage. Loaded Objects now: 1921.
Total: 4.108103 ms (FindLiveObjects: 0.183180 ms CreateObjectMapping: 0.056898 ms MarkObjects: 3.253200 ms  DeleteObjects: 0.613829 ms)

AssetImportParameters requested are different than current active one (requested -> active):
  custom:video-decoder-ogg-theora: a1e56fd34408186e4bbccfd4996cb3dc -> 
  custom:container-muxer-webm: aa71ff27fc2769a1b78a27578f13a17b -> 
  custom:container-demuxer-webm: 4f35f7cbe854078d1ac9338744f61a02 -> 
  custom:container-demuxer-ogg: 62fdf1f143b41e24485cea50d1cbac27 -> 
  custom:video-encoder-webm-vp8: eb34c28f22e8b96e1ab97ce403110664 -> 
  custom:framework-osx-AVFoundation: b23960f63f64bdc6ff669e2cdcee2391 -> 
  custom:video-decoder-webm-vp8: 9c59270c3fd7afecdb556c50c9e8de78 -> 
  custom:audio-decoder-ogg-vorbis: bf7c407c2cedff20999df2af8eb42d56 -> 
  custom:audio-encoder-webm-vorbis: bf7c407c2cedff20999df2af8eb42d56 -> 
========================================================================
Received Import Request.
  path: Assets/State Pattern/Scripts/FSM/NPCCollectState.cs
  artifactKey: Guid(cf401db95362d93428fa3b0f2e1d153a) Importer(815301076,1909f56bfc062723c751e8b465ee728b)
Start importing Assets/State Pattern/Scripts/FSM/NPCCollectState.cs using Guid(cf401db95362d93428fa3b0f2e1d153a) Importer(815301076,1909f56bfc062723c751e8b465ee728b)  -> (artifact id: '9c5b2c442659912b41fcd6c1f20eb881') in 0.459344 seconds 
  Import took 0.462720 seconds .

========================================================================
Received Import Request.
  Time since last request: 0.004406 seconds.
  path: Assets/State Pattern/Scripts/FSM/NPCSearch.cs
  artifactKey: Guid(35e3e33a531c72d468034133ce827c83) Importer(815301076,1909f56bfc062723c751e8b465ee728b)
Start importing Assets/State Pattern/Scripts/FSM/NPCSearch.cs using Guid(35e3e33a531c72d468034133ce827c83) Importer(815301076,1909f56bfc062723c751e8b465ee728b)  -> (artifact id: 'e05619a5bfebe0c62e22bee181b1b292') in 0.002408 seconds 
  Import took 0.005794 seconds .

========================================================================
Received Import Request.
  Time since last request: 0.000315 seconds.
  path: Assets/State Pattern/Scripts/FSM/NPCSearch_ClassBased.cs
  artifactKey: Guid(b57bfdeeebb09474e9eac0c9fce8bea1) Importer(815301076,1909f56bfc062723c751e8b465ee728b)
Start importing Assets/State Pattern/Scripts/FSM/NPCSearch_ClassBased.cs using Guid(b57bfdeeebb09474e9eac0c9fce8bea1) Importer(815301076,1909f56bfc062723c751e8b465ee728b)  -> (artifact id: '018e68c26120328e7255da3455b4033f') in 0.001829 seconds 
  Import took 0.004913 seconds .

========================================================================
Received Import Request.
  Time since last request: 13.871855 seconds.
  path: Assets/State Pattern/Scripts/FSM/NPCEatState.cs
  artifactKey: Guid(80f6df71c86b9489a94c4ff05ed690ae) Importer(815301076,1909f56bfc062723c751e8b465ee728b)
Start importing Assets/State Pattern/Scripts/FSM/NPCEatState.cs using Guid(80f6df71c86b9489a94c4ff05ed690ae) Importer(815301076,1909f56bfc062723c751e8b465ee728b)  -> (artifact id: 'e6ffdcdea60f5b5cebdb96201e8a985b') in 0.007688 seconds 
  Import took 0.017339 seconds .

========================================================================
Received Prepare
Registering precompiled user dll's ...
Registered in 0.005744 seconds.
Begin MonoManager ReloadAssembly
Native extension for OSXStandalone target not found
Refreshing native plugins compatible for Editor in 0.45 ms, found 2 plugins.
Preloading 0 native plugins for Editor in 0.00 ms.
Mono: successfully reloaded assembly
- Completed reload, in  1.556 seconds
Domain Reload Profiling:
	ReloadAssembly (1557ms)
		BeginReloadAssembly (220ms)
			ExecutionOrderSort (0ms)
			DisableScriptedObjects (6ms)
			BackupInstance (0ms)
			ReleaseScriptingObjects (0ms)
			CreateAndSetChildDomain (117ms)
		EndReloadAssembly (1245ms)
			LoadAssemblies (116ms)
			RebuildTransferFunctionScriptingTraits (0ms)
			SetupTypeCache (438ms)
			ReleaseScriptCaches (1ms)
			RebuildScriptCaches (66ms)
			SetupLoadedEditorAssemblies (496ms)
				LogAssemblyErrors (0ms)
				InitializePlatformSupportModulesInManaged (6ms)
				SetLoadedEditorAssemblies (1ms)
				RefreshPlugins (0ms)
				BeforeProcessingInitializeOnLoad (120ms)
				ProcessInitializeOnLoadAttributes (360ms)
				ProcessInitializeOnLoadMethodAttributes (5ms)
				AfterProcessingInitializeOnLoad (2ms)
				EditorAssembliesLoaded (0ms)
			ExecutionOrderSort2 (0ms)
			AwakeInstancesAfterBackupRestoration (9ms)
Platform modules already initialized, skipping
Refreshing native plugins compatible for Editor in 0.42 ms, found 2 plugins.
Preloading 0 native plugins for Editor in 0.00 ms.
Unloading 1434 Unused Serialized files (Serialized files now loaded: 0)
System memory in use before: 165.4 MB.
System memory in use after: 165.5 MB.

Unloading 20 unused Assets to reduce memory usage. Loaded Objects now: 1925.
Total: 4.044569 ms (FindLiveObjects: 0.259039 ms CreateObjectMapping: 0.214302 ms MarkObjects: 3.550472 ms  DeleteObjects: 0.019746 ms)

AssetImportParameters requested are different than current active one (requested -> active):
  custom:video-decoder-ogg-theora: a1e56fd34408186e4bbccfd4996cb3dc -> 
  custom:container-muxer-webm: aa71ff27fc2769a1b78a27578f13a17b -> 
  custom:container-demuxer-webm: 4f35f7cbe854078d1ac9338744f61a02 -> 
  custom:container-demuxer-ogg: 62fdf1f143b41e24485cea50d1cbac27 -> 
  custom:video-encoder-webm-vp8: eb34c28f22e8b96e1ab97ce403110664 -> 
  custom:framework-osx-AVFoundation: b23960f63f64bdc6ff669e2cdcee2391 -> 
  custom:video-decoder-webm-vp8: 9c59270c3fd7afecdb556c50c9e8de78 -> 
  custom:audio-decoder-ogg-vorbis: bf7c407c2cedff20999df2af8eb42d56 -> 
  custom:audio-encoder-webm-vorbis: bf7c407c2cedff20999df2af8eb42d56 -> 
AssetImportWorkerClient::OnTransportError - code=2 error=End of file
